<?xml version="1.0" encoding="UTF-8"?>
<!-- Generated by org.testng.reporters.JUnitXMLReporter -->
<testsuite ignored="0" hostname="PureBook-S14" failures="0" tests="10" name="Default test" time="75.088" errors="0" timestamp="2023-02-24T09:34:40 IST">
  <testcase classname="testng.Youtube" name="run" time="4.068"/>
  <testcase classname="testng.Youtube" name="run" time="4.638"/>
  <testcase classname="testng.Youtube" name="run" time="4.548"/>
  <testcase classname="testng.Youtube" name="run" time="4.796"/>
  <testcase classname="testng.Youtube" name="run" time="6.633"/>
  <testcase classname="testng.Youtube" name="run" time="8.481"/>
  <testcase classname="testng.Youtube" name="run" time="10.468"/>
  <testcase classname="testng.Youtube" name="run" time="11.165"/>
  <testcase classname="testng.Youtube" name="run" time="9.727"/>
  <testcase classname="testng.Youtube" name="run" time="10.509"/>
</testsuite> <!-- Default test -->
