<?xml version="1.0" encoding="UTF-8"?>
<!-- Generated by org.testng.reporters.JUnitXMLReporter -->
<testsuite ignored="0" hostname="PureBook-S14" failures="0" tests="13" name="6(failed)(failed)" time="40.12" errors="0" timestamp="2023-01-12T13:36:00 IST">
  <testcase classname="basicstestng.ChromeReward" name="RewardCollection" time="17.215"/>
  <testcase classname="basicstestng.ChromeReward" name="RRcollect" time="1.366"/>
  <testcase classname="basicstestng.ChromeReward" name="RRcollect" time="1.423"/>
  <testcase classname="basicstestng.ChromeReward" name="RRcollect" time="1.645"/>
  <testcase classname="basicstestng.ChromeReward" name="RRcollect" time="1.476"/>
  <testcase classname="basicstestng.ChromeReward" name="RRcollect" time="1.357"/>
  <testcase classname="basicstestng.ChromeReward" name="RRcollect" time="1.356"/>
  <testcase classname="basicstestng.ChromeReward" name="RRcollect" time="1.601"/>
  <testcase classname="basicstestng.ChromeReward" name="RRcollect" time="1.586"/>
  <testcase classname="basicstestng.ChromeReward" name="RRcollect" time="1.401"/>
  <testcase classname="basicstestng.ChromeReward" name="RRcollect" time="2.253"/>
  <testcase classname="basicstestng.ChromeReward" name="RRcollect" time="1.237"/>
  <testcase classname="basicstestng.ChromeReward" name="RRcollect" time="1.369"/>
</testsuite> <!-- 6(failed)(failed) -->
