<?xml version="1.0" encoding="UTF-8"?>
<!-- Generated by org.testng.reporters.JUnitXMLReporter -->
<testsuite ignored="0" hostname="PureBook-S14" failures="0" tests="21" name="1" time="97.749" errors="0" timestamp="2023-01-12T13:38:21 IST">
  <testcase classname="basicstestng.ChromeReward" name="RewardCollection" time="30.997"/>
  <testcase classname="basicstestng.ChromeReward" name="RRcollect" time="4.386"/>
  <testcase classname="basicstestng.ChromeReward" name="RRcollect" time="3.614"/>
  <testcase classname="basicstestng.ChromeReward" name="RRcollect" time="3.206"/>
  <testcase classname="basicstestng.ChromeReward" name="RRcollect" time="4.267"/>
  <testcase classname="basicstestng.ChromeReward" name="RRcollect" time="3.157"/>
  <testcase classname="basicstestng.ChromeReward" name="RRcollect" time="2.887"/>
  <testcase classname="basicstestng.ChromeReward" name="RRcollect" time="5.522"/>
  <testcase classname="basicstestng.ChromeReward" name="RRcollect" time="2.757"/>
  <testcase classname="basicstestng.ChromeReward" name="RRcollect" time="2.556"/>
  <testcase classname="basicstestng.ChromeReward" name="RRcollect" time="4.352"/>
  <testcase classname="basicstestng.ChromeReward" name="RRcollect" time="4.498"/>
  <testcase classname="basicstestng.ChromeReward" name="RRcollect" time="3.232"/>
  <testcase classname="basicstestng.ChromeReward" name="RRcollect" time="2.577"/>
  <testcase classname="basicstestng.ChromeReward" name="RRcollect" time="2.41"/>
  <testcase classname="basicstestng.ChromeReward" name="RRcollect" time="2.277"/>
  <testcase classname="basicstestng.ChromeReward" name="RRcollect" time="1.98"/>
  <testcase classname="basicstestng.ChromeReward" name="RRcollect" time="1.993"/>
  <testcase classname="basicstestng.ChromeReward" name="RRcollect" time="1.884"/>
  <testcase classname="basicstestng.ChromeReward" name="RRcollect" time="1.526"/>
  <testcase classname="basicstestng.ChromeReward" name="RRcollect" time="1.238"/>
</testsuite> <!-- 1 -->
