<?xml version="1.0" encoding="UTF-8"?>
<!-- Generated by org.testng.reporters.JUnitXMLReporter -->
<testsuite ignored="0" hostname="PureBook-S14" failures="0" tests="21" name="2" time="98.275" errors="0" timestamp="2023-01-12T13:38:21 IST">
  <testcase classname="basicstestng.ChromeReward" name="RewardCollection" time="30.926"/>
  <testcase classname="basicstestng.ChromeReward" name="RRcollect" time="4.806"/>
  <testcase classname="basicstestng.ChromeReward" name="RRcollect" time="3.824"/>
  <testcase classname="basicstestng.ChromeReward" name="RRcollect" time="2.682"/>
  <testcase classname="basicstestng.ChromeReward" name="RRcollect" time="4.634"/>
  <testcase classname="basicstestng.ChromeReward" name="RRcollect" time="4.197"/>
  <testcase classname="basicstestng.ChromeReward" name="RRcollect" time="3.616"/>
  <testcase classname="basicstestng.ChromeReward" name="RRcollect" time="4.6"/>
  <testcase classname="basicstestng.ChromeReward" name="RRcollect" time="3.627"/>
  <testcase classname="basicstestng.ChromeReward" name="RRcollect" time="2.936"/>
  <testcase classname="basicstestng.ChromeReward" name="RRcollect" time="3.342"/>
  <testcase classname="basicstestng.ChromeReward" name="RRcollect" time="3.03"/>
  <testcase classname="basicstestng.ChromeReward" name="RRcollect" time="3.108"/>
  <testcase classname="basicstestng.ChromeReward" name="RRcollect" time="3.011"/>
  <testcase classname="basicstestng.ChromeReward" name="RRcollect" time="2.631"/>
  <testcase classname="basicstestng.ChromeReward" name="RRcollect" time="2.331"/>
  <testcase classname="basicstestng.ChromeReward" name="RRcollect" time="1.869"/>
  <testcase classname="basicstestng.ChromeReward" name="RRcollect" time="2.267"/>
  <testcase classname="basicstestng.ChromeReward" name="RRcollect" time="1.828"/>
  <testcase classname="basicstestng.ChromeReward" name="RRcollect" time="1.506"/>
  <testcase classname="basicstestng.ChromeReward" name="RRcollect" time="1.193"/>
</testsuite> <!-- 2 -->
