<?xml version="1.0" encoding="UTF-8"?>
<!-- Generated by org.testng.reporters.JUnitXMLReporter -->
<testsuite ignored="0" hostname="PureBook-S14" failures="0" tests="21" name="7" time="96.448" errors="0" timestamp="2023-01-12T13:38:19 IST">
  <testcase classname="basicstestng.ChromeReward" name="RewardCollection" time="30.468"/>
  <testcase classname="basicstestng.ChromeReward" name="RRcollect" time="4.58"/>
  <testcase classname="basicstestng.ChromeReward" name="RRcollect" time="3.835"/>
  <testcase classname="basicstestng.ChromeReward" name="RRcollect" time="2.79"/>
  <testcase classname="basicstestng.ChromeReward" name="RRcollect" time="3.108"/>
  <testcase classname="basicstestng.ChromeReward" name="RRcollect" time="3.333"/>
  <testcase classname="basicstestng.ChromeReward" name="RRcollect" time="3.249"/>
  <testcase classname="basicstestng.ChromeReward" name="RRcollect" time="2.916"/>
  <testcase classname="basicstestng.ChromeReward" name="RRcollect" time="2.692"/>
  <testcase classname="basicstestng.ChromeReward" name="RRcollect" time="2.751"/>
  <testcase classname="basicstestng.ChromeReward" name="RRcollect" time="3.827"/>
  <testcase classname="basicstestng.ChromeReward" name="RRcollect" time="3.463"/>
  <testcase classname="basicstestng.ChromeReward" name="RRcollect" time="3.485"/>
  <testcase classname="basicstestng.ChromeReward" name="RRcollect" time="2.761"/>
  <testcase classname="basicstestng.ChromeReward" name="RRcollect" time="2.695"/>
  <testcase classname="basicstestng.ChromeReward" name="RRcollect" time="2.698"/>
  <testcase classname="basicstestng.ChromeReward" name="RRcollect" time="2.334"/>
  <testcase classname="basicstestng.ChromeReward" name="RRcollect" time="2.235"/>
  <testcase classname="basicstestng.ChromeReward" name="RRcollect" time="2.025"/>
  <testcase classname="basicstestng.ChromeReward" name="RRcollect" time="2.155"/>
  <testcase classname="basicstestng.ChromeReward" name="RRcollect" time="2.315"/>
</testsuite> <!-- 7 -->
