<?xml version="1.0" encoding="UTF-8"?>
<testng-results ignored="0" total="10" passed="10" failed="0" skipped="0">
  <reporter-output>
  </reporter-output>
  <suite started-at="2023-02-24T09:33:25 IST" name="Default suite" finished-at="2023-02-24T09:34:40 IST" duration-ms="75088">
    <groups>
    </groups>
    <test started-at="2023-02-24T09:33:25 IST" name="Default test" finished-at="2023-02-24T09:34:40 IST" duration-ms="75088">
      <class name="testng.Youtube">
        <test-method signature="run()[pri:0, instance:testng.Youtube@3d51f06e]" started-at="2023-02-24T09:33:25 IST" name="run" finished-at="2023-02-24T09:33:29 IST" duration-ms="4068" status="PASS">
          <reporter-output>
          </reporter-output>
        </test-method> <!-- run -->
        <test-method signature="run()[pri:0, instance:testng.Youtube@3d51f06e]" started-at="2023-02-24T09:33:29 IST" name="run" finished-at="2023-02-24T09:33:33 IST" duration-ms="4638" status="PASS">
          <reporter-output>
          </reporter-output>
        </test-method> <!-- run -->
        <test-method signature="run()[pri:0, instance:testng.Youtube@3d51f06e]" started-at="2023-02-24T09:33:33 IST" name="run" finished-at="2023-02-24T09:33:38 IST" duration-ms="4548" status="PASS">
          <reporter-output>
          </reporter-output>
        </test-method> <!-- run -->
        <test-method signature="run()[pri:0, instance:testng.Youtube@3d51f06e]" started-at="2023-02-24T09:33:38 IST" name="run" finished-at="2023-02-24T09:33:43 IST" duration-ms="4796" status="PASS">
          <reporter-output>
          </reporter-output>
        </test-method> <!-- run -->
        <test-method signature="run()[pri:0, instance:testng.Youtube@3d51f06e]" started-at="2023-02-24T09:33:43 IST" name="run" finished-at="2023-02-24T09:33:49 IST" duration-ms="6633" status="PASS">
          <reporter-output>
          </reporter-output>
        </test-method> <!-- run -->
        <test-method signature="run()[pri:0, instance:testng.Youtube@3d51f06e]" started-at="2023-02-24T09:33:49 IST" name="run" finished-at="2023-02-24T09:33:58 IST" duration-ms="8481" status="PASS">
          <reporter-output>
          </reporter-output>
        </test-method> <!-- run -->
        <test-method signature="run()[pri:0, instance:testng.Youtube@3d51f06e]" started-at="2023-02-24T09:33:58 IST" name="run" finished-at="2023-02-24T09:34:08 IST" duration-ms="10468" status="PASS">
          <reporter-output>
          </reporter-output>
        </test-method> <!-- run -->
        <test-method signature="run()[pri:0, instance:testng.Youtube@3d51f06e]" started-at="2023-02-24T09:34:08 IST" name="run" finished-at="2023-02-24T09:34:19 IST" duration-ms="11165" status="PASS">
          <reporter-output>
          </reporter-output>
        </test-method> <!-- run -->
        <test-method signature="run()[pri:0, instance:testng.Youtube@3d51f06e]" started-at="2023-02-24T09:34:19 IST" name="run" finished-at="2023-02-24T09:34:29 IST" duration-ms="9727" status="PASS">
          <reporter-output>
          </reporter-output>
        </test-method> <!-- run -->
        <test-method signature="run()[pri:0, instance:testng.Youtube@3d51f06e]" started-at="2023-02-24T09:34:29 IST" name="run" finished-at="2023-02-24T09:34:40 IST" duration-ms="10509" status="PASS">
          <reporter-output>
          </reporter-output>
        </test-method> <!-- run -->
      </class> <!-- testng.Youtube -->
    </test> <!-- Default test -->
  </suite> <!-- Default suite -->
</testng-results>
